2019-04-04 14:53:51.198 [info] <0.43.0> Application lager started on node nonode@nohost
2019-04-04 14:53:51.203 [info] <0.43.0> Application xmerl started on node nonode@nohost
2019-04-04 14:53:51.204 [info] <0.43.0> Application jsx started on node nonode@nohost
2019-04-04 14:53:51.208 [info] <0.43.0> Application ranch started on node nonode@nohost
2019-04-04 14:53:51.209 [info] <0.43.0> Application ranch_proxy_protocol started on node nonode@nohost
2019-04-04 14:53:51.210 [info] <0.43.0> Application recon started on node nonode@nohost
2019-04-04 14:53:51.210 [info] <0.43.0> Application rabbit_common started on node nonode@nohost
2019-04-04 14:53:51.219 [info] <0.43.0> Application amqp_client started on node nonode@nohost
2019-04-04 14:53:51.219 [info] <0.43.0> Application amqp started on node nonode@nohost
2019-04-04 14:53:51.219 [info] <0.43.0> Application rabbitmq started on node nonode@nohost
2019-04-04 14:54:27.806 [info] <0.43.0> Application lager started on node nonode@nohost
2019-04-04 14:54:27.811 [info] <0.43.0> Application xmerl started on node nonode@nohost
2019-04-04 14:54:27.813 [info] <0.43.0> Application jsx started on node nonode@nohost
2019-04-04 14:54:27.817 [info] <0.43.0> Application ranch started on node nonode@nohost
2019-04-04 14:54:27.818 [info] <0.43.0> Application ranch_proxy_protocol started on node nonode@nohost
2019-04-04 14:54:27.819 [info] <0.43.0> Application recon started on node nonode@nohost
2019-04-04 14:54:27.819 [info] <0.43.0> Application rabbit_common started on node nonode@nohost
2019-04-04 14:54:27.832 [info] <0.43.0> Application amqp_client started on node nonode@nohost
2019-04-04 14:54:27.832 [info] <0.43.0> Application amqp started on node nonode@nohost
2019-04-04 14:54:27.833 [info] <0.43.0> Application rabbitmq started on node nonode@nohost
2019-04-04 14:56:22.169 [info] <0.43.0> Application lager started on node nonode@nohost
2019-04-04 14:56:22.175 [info] <0.43.0> Application xmerl started on node nonode@nohost
2019-04-04 14:56:22.177 [info] <0.43.0> Application jsx started on node nonode@nohost
2019-04-04 14:56:22.182 [info] <0.43.0> Application ranch started on node nonode@nohost
2019-04-04 14:56:22.183 [info] <0.43.0> Application ranch_proxy_protocol started on node nonode@nohost
2019-04-04 14:56:22.184 [info] <0.43.0> Application recon started on node nonode@nohost
2019-04-04 14:56:22.184 [info] <0.43.0> Application rabbit_common started on node nonode@nohost
2019-04-04 14:56:22.194 [info] <0.43.0> Application amqp_client started on node nonode@nohost
2019-04-04 14:56:22.194 [info] <0.43.0> Application amqp started on node nonode@nohost
2019-04-04 14:56:22.194 [info] <0.43.0> Application rabbitmq started on node nonode@nohost
2019-04-04 14:56:51.520 [info] <0.43.0> Application lager started on node nonode@nohost
2019-04-04 14:56:51.525 [info] <0.43.0> Application xmerl started on node nonode@nohost
2019-04-04 14:56:51.527 [info] <0.43.0> Application jsx started on node nonode@nohost
2019-04-04 14:56:51.530 [info] <0.43.0> Application ranch started on node nonode@nohost
2019-04-04 14:56:51.531 [info] <0.43.0> Application ranch_proxy_protocol started on node nonode@nohost
2019-04-04 14:56:51.532 [info] <0.43.0> Application recon started on node nonode@nohost
2019-04-04 14:56:51.532 [info] <0.43.0> Application rabbit_common started on node nonode@nohost
2019-04-04 14:56:51.540 [info] <0.43.0> Application amqp_client started on node nonode@nohost
2019-04-04 14:56:51.541 [info] <0.43.0> Application amqp started on node nonode@nohost
2019-04-04 14:56:51.541 [info] <0.43.0> Application rabbitmq started on node nonode@nohost
2019-04-04 14:57:10.416 [info] <0.43.0> Application lager started on node nonode@nohost
2019-04-04 14:57:10.422 [info] <0.43.0> Application xmerl started on node nonode@nohost
2019-04-04 14:57:10.424 [info] <0.43.0> Application jsx started on node nonode@nohost
2019-04-04 14:57:10.429 [info] <0.43.0> Application ranch started on node nonode@nohost
2019-04-04 14:57:10.430 [info] <0.43.0> Application ranch_proxy_protocol started on node nonode@nohost
2019-04-04 14:57:10.433 [info] <0.43.0> Application recon started on node nonode@nohost
2019-04-04 14:57:10.433 [info] <0.43.0> Application rabbit_common started on node nonode@nohost
2019-04-04 14:57:10.444 [info] <0.43.0> Application amqp_client started on node nonode@nohost
2019-04-04 14:57:10.445 [info] <0.43.0> Application amqp started on node nonode@nohost
2019-04-04 14:57:10.445 [info] <0.43.0> Application rabbitmq started on node nonode@nohost
2019-04-04 14:57:40.632 [info] <0.43.0> Application lager started on node nonode@nohost
2019-04-04 14:57:40.637 [info] <0.43.0> Application xmerl started on node nonode@nohost
2019-04-04 14:57:40.638 [info] <0.43.0> Application jsx started on node nonode@nohost
2019-04-04 14:57:40.642 [info] <0.43.0> Application ranch started on node nonode@nohost
2019-04-04 14:57:40.643 [info] <0.43.0> Application ranch_proxy_protocol started on node nonode@nohost
2019-04-04 14:57:40.644 [info] <0.43.0> Application recon started on node nonode@nohost
2019-04-04 14:57:40.645 [info] <0.43.0> Application rabbit_common started on node nonode@nohost
2019-04-04 14:57:40.651 [info] <0.43.0> Application amqp_client started on node nonode@nohost
2019-04-04 14:57:40.651 [info] <0.43.0> Application amqp started on node nonode@nohost
2019-04-04 14:57:40.651 [info] <0.43.0> Application rabbitmq started on node nonode@nohost
2019-04-04 15:10:37.378 [info] <0.43.0> Application lager started on node nonode@nohost
2019-04-04 15:10:37.383 [info] <0.43.0> Application xmerl started on node nonode@nohost
2019-04-04 15:10:37.384 [info] <0.43.0> Application jsx started on node nonode@nohost
2019-04-04 15:10:37.388 [info] <0.43.0> Application ranch started on node nonode@nohost
2019-04-04 15:10:37.389 [info] <0.43.0> Application ranch_proxy_protocol started on node nonode@nohost
2019-04-04 15:10:37.390 [info] <0.43.0> Application recon started on node nonode@nohost
2019-04-04 15:10:37.390 [info] <0.43.0> Application rabbit_common started on node nonode@nohost
2019-04-04 15:10:37.397 [info] <0.43.0> Application amqp_client started on node nonode@nohost
2019-04-04 15:10:37.397 [info] <0.43.0> Application amqp started on node nonode@nohost
2019-04-04 15:10:37.397 [info] <0.43.0> Application rabbitmq started on node nonode@nohost
2019-04-04 15:13:24.565 [info] <0.43.0> Application lager started on node nonode@nohost
2019-04-04 15:13:24.570 [info] <0.43.0> Application xmerl started on node nonode@nohost
2019-04-04 15:13:24.571 [info] <0.43.0> Application jsx started on node nonode@nohost
2019-04-04 15:13:24.575 [info] <0.43.0> Application ranch started on node nonode@nohost
2019-04-04 15:13:24.576 [info] <0.43.0> Application ranch_proxy_protocol started on node nonode@nohost
2019-04-04 15:13:24.576 [info] <0.43.0> Application recon started on node nonode@nohost
2019-04-04 15:13:24.577 [info] <0.43.0> Application rabbit_common started on node nonode@nohost
2019-04-04 15:13:24.585 [info] <0.43.0> Application amqp_client started on node nonode@nohost
2019-04-04 15:13:24.585 [info] <0.43.0> Application amqp started on node nonode@nohost
2019-04-04 15:13:24.585 [info] <0.43.0> Application rabbitmq started on node nonode@nohost
2019-04-04 15:18:50.531 [info] <0.43.0> Application lager started on node nonode@nohost
2019-04-04 15:18:50.535 [info] <0.43.0> Application xmerl started on node nonode@nohost
2019-04-04 15:18:50.537 [info] <0.43.0> Application jsx started on node nonode@nohost
2019-04-04 15:18:50.540 [info] <0.43.0> Application ranch started on node nonode@nohost
2019-04-04 15:18:50.541 [info] <0.43.0> Application ranch_proxy_protocol started on node nonode@nohost
2019-04-04 15:18:50.542 [info] <0.43.0> Application recon started on node nonode@nohost
2019-04-04 15:18:50.542 [info] <0.43.0> Application rabbit_common started on node nonode@nohost
2019-04-04 15:18:50.551 [info] <0.43.0> Application amqp_client started on node nonode@nohost
2019-04-04 15:18:50.551 [info] <0.43.0> Application amqp started on node nonode@nohost
2019-04-04 15:18:50.551 [info] <0.43.0> Application rabbitmq started on node nonode@nohost
2019-04-04 15:22:26.848 [info] <0.43.0> Application lager started on node nonode@nohost
2019-04-04 15:22:26.852 [info] <0.43.0> Application xmerl started on node nonode@nohost
2019-04-04 15:22:26.854 [info] <0.43.0> Application jsx started on node nonode@nohost
2019-04-04 15:22:26.857 [info] <0.43.0> Application ranch started on node nonode@nohost
2019-04-04 15:22:26.858 [info] <0.43.0> Application ranch_proxy_protocol started on node nonode@nohost
2019-04-04 15:22:26.859 [info] <0.43.0> Application recon started on node nonode@nohost
2019-04-04 15:22:26.859 [info] <0.43.0> Application rabbit_common started on node nonode@nohost
2019-04-04 15:22:26.867 [info] <0.43.0> Application amqp_client started on node nonode@nohost
2019-04-04 15:22:26.867 [info] <0.43.0> Application amqp started on node nonode@nohost
2019-04-04 15:22:26.867 [info] <0.43.0> Application rabbitmq started on node nonode@nohost
2019-04-04 15:31:54.624 [info] <0.43.0> Application lager started on node nonode@nohost
2019-04-04 15:31:54.628 [info] <0.43.0> Application xmerl started on node nonode@nohost
2019-04-04 15:31:54.630 [info] <0.43.0> Application jsx started on node nonode@nohost
2019-04-04 15:31:54.633 [info] <0.43.0> Application ranch started on node nonode@nohost
2019-04-04 15:31:54.634 [info] <0.43.0> Application ranch_proxy_protocol started on node nonode@nohost
2019-04-04 15:31:54.635 [info] <0.43.0> Application recon started on node nonode@nohost
2019-04-04 15:31:54.635 [info] <0.43.0> Application rabbit_common started on node nonode@nohost
2019-04-04 15:31:54.643 [info] <0.43.0> Application amqp_client started on node nonode@nohost
2019-04-04 15:31:54.643 [info] <0.43.0> Application amqp started on node nonode@nohost
2019-04-04 15:31:54.643 [info] <0.43.0> Application rabbitmq started on node nonode@nohost
2019-04-04 15:38:36.369 [info] <0.43.0> Application lager started on node nonode@nohost
2019-04-04 15:38:36.373 [info] <0.43.0> Application xmerl started on node nonode@nohost
2019-04-04 15:38:36.374 [info] <0.43.0> Application jsx started on node nonode@nohost
2019-04-04 15:38:36.379 [info] <0.43.0> Application ranch started on node nonode@nohost
2019-04-04 15:38:36.380 [info] <0.43.0> Application ranch_proxy_protocol started on node nonode@nohost
2019-04-04 15:38:36.380 [info] <0.43.0> Application recon started on node nonode@nohost
2019-04-04 15:38:36.381 [info] <0.43.0> Application rabbit_common started on node nonode@nohost
2019-04-04 15:38:36.388 [info] <0.43.0> Application amqp_client started on node nonode@nohost
2019-04-04 15:38:36.389 [info] <0.43.0> Application amqp started on node nonode@nohost
2019-04-04 15:38:36.389 [info] <0.43.0> Application rabbitmq started on node nonode@nohost
2019-04-04 15:39:18.652 [info] <0.43.0> Application lager started on node nonode@nohost
2019-04-04 15:39:18.656 [info] <0.43.0> Application xmerl started on node nonode@nohost
2019-04-04 15:39:18.658 [info] <0.43.0> Application jsx started on node nonode@nohost
2019-04-04 15:39:18.663 [info] <0.43.0> Application ranch started on node nonode@nohost
2019-04-04 15:39:18.664 [info] <0.43.0> Application ranch_proxy_protocol started on node nonode@nohost
2019-04-04 15:39:18.665 [info] <0.43.0> Application recon started on node nonode@nohost
2019-04-04 15:39:18.665 [info] <0.43.0> Application rabbit_common started on node nonode@nohost
2019-04-04 15:39:18.674 [info] <0.43.0> Application amqp_client started on node nonode@nohost
2019-04-04 15:39:18.674 [info] <0.43.0> Application amqp started on node nonode@nohost
2019-04-04 15:39:18.674 [info] <0.43.0> Application rabbitmq started on node nonode@nohost
2019-04-04 15:40:43.831 [info] <0.43.0> Application lager started on node nonode@nohost
2019-04-04 15:40:43.836 [info] <0.43.0> Application xmerl started on node nonode@nohost
2019-04-04 15:40:43.837 [info] <0.43.0> Application jsx started on node nonode@nohost
2019-04-04 15:40:43.840 [info] <0.43.0> Application ranch started on node nonode@nohost
2019-04-04 15:40:43.841 [info] <0.43.0> Application ranch_proxy_protocol started on node nonode@nohost
2019-04-04 15:40:43.842 [info] <0.43.0> Application recon started on node nonode@nohost
2019-04-04 15:40:43.843 [info] <0.43.0> Application rabbit_common started on node nonode@nohost
2019-04-04 15:40:43.852 [info] <0.43.0> Application amqp_client started on node nonode@nohost
2019-04-04 15:40:43.852 [info] <0.43.0> Application amqp started on node nonode@nohost
2019-04-04 15:40:43.852 [info] <0.43.0> Application rabbitmq started on node nonode@nohost
2019-04-04 16:00:25.497 [info] <0.43.0> Application lager started on node nonode@nohost
2019-04-04 16:00:25.501 [info] <0.43.0> Application xmerl started on node nonode@nohost
2019-04-04 16:00:25.502 [info] <0.43.0> Application jsx started on node nonode@nohost
2019-04-04 16:00:25.505 [info] <0.43.0> Application ranch started on node nonode@nohost
2019-04-04 16:00:25.506 [info] <0.43.0> Application ranch_proxy_protocol started on node nonode@nohost
2019-04-04 16:00:25.507 [info] <0.43.0> Application recon started on node nonode@nohost
2019-04-04 16:00:25.507 [info] <0.43.0> Application rabbit_common started on node nonode@nohost
2019-04-04 16:00:25.514 [info] <0.43.0> Application amqp_client started on node nonode@nohost
2019-04-04 16:00:25.514 [info] <0.43.0> Application amqp started on node nonode@nohost
2019-04-04 16:00:25.515 [info] <0.43.0> Application rabbitmq started on node nonode@nohost
2019-04-04 16:00:54.598 [info] <0.43.0> Application lager started on node nonode@nohost
2019-04-04 16:00:54.601 [info] <0.43.0> Application xmerl started on node nonode@nohost
2019-04-04 16:00:54.603 [info] <0.43.0> Application jsx started on node nonode@nohost
2019-04-04 16:00:54.607 [info] <0.43.0> Application ranch started on node nonode@nohost
2019-04-04 16:00:54.607 [info] <0.43.0> Application ranch_proxy_protocol started on node nonode@nohost
2019-04-04 16:00:54.608 [info] <0.43.0> Application recon started on node nonode@nohost
2019-04-04 16:00:54.608 [info] <0.43.0> Application rabbit_common started on node nonode@nohost
2019-04-04 16:00:54.616 [info] <0.43.0> Application amqp_client started on node nonode@nohost
2019-04-04 16:00:54.616 [info] <0.43.0> Application amqp started on node nonode@nohost
2019-04-04 16:00:54.616 [info] <0.43.0> Application rabbitmq started on node nonode@nohost
2019-04-04 16:01:18.479 [info] <0.43.0> Application lager started on node nonode@nohost
2019-04-04 16:01:18.484 [info] <0.43.0> Application xmerl started on node nonode@nohost
2019-04-04 16:01:18.485 [info] <0.43.0> Application jsx started on node nonode@nohost
2019-04-04 16:01:18.489 [info] <0.43.0> Application ranch started on node nonode@nohost
2019-04-04 16:01:18.490 [info] <0.43.0> Application ranch_proxy_protocol started on node nonode@nohost
2019-04-04 16:01:18.491 [info] <0.43.0> Application recon started on node nonode@nohost
2019-04-04 16:01:18.491 [info] <0.43.0> Application rabbit_common started on node nonode@nohost
2019-04-04 16:01:18.501 [info] <0.43.0> Application amqp_client started on node nonode@nohost
2019-04-04 16:01:18.501 [info] <0.43.0> Application amqp started on node nonode@nohost
2019-04-04 16:01:18.501 [info] <0.43.0> Application rabbitmq started on node nonode@nohost
2019-04-04 16:02:36.134 [info] <0.43.0> Application lager started on node nonode@nohost
2019-04-04 16:02:36.138 [info] <0.43.0> Application xmerl started on node nonode@nohost
2019-04-04 16:02:36.140 [info] <0.43.0> Application jsx started on node nonode@nohost
2019-04-04 16:02:36.144 [info] <0.43.0> Application ranch started on node nonode@nohost
2019-04-04 16:02:36.145 [info] <0.43.0> Application ranch_proxy_protocol started on node nonode@nohost
2019-04-04 16:02:36.146 [info] <0.43.0> Application recon started on node nonode@nohost
2019-04-04 16:02:36.146 [info] <0.43.0> Application rabbit_common started on node nonode@nohost
2019-04-04 16:02:36.153 [info] <0.43.0> Application amqp_client started on node nonode@nohost
2019-04-04 16:02:36.154 [info] <0.43.0> Application amqp started on node nonode@nohost
2019-04-04 16:02:36.154 [info] <0.43.0> Application rabbitmq started on node nonode@nohost
2019-04-04 16:04:48.518 [info] <0.43.0> Application lager started on node nonode@nohost
2019-04-04 16:04:48.522 [info] <0.43.0> Application xmerl started on node nonode@nohost
2019-04-04 16:04:48.523 [info] <0.43.0> Application jsx started on node nonode@nohost
2019-04-04 16:04:48.526 [info] <0.43.0> Application ranch started on node nonode@nohost
2019-04-04 16:04:48.527 [info] <0.43.0> Application ranch_proxy_protocol started on node nonode@nohost
2019-04-04 16:04:48.528 [info] <0.43.0> Application recon started on node nonode@nohost
2019-04-04 16:04:48.528 [info] <0.43.0> Application rabbit_common started on node nonode@nohost
2019-04-04 16:04:48.534 [info] <0.43.0> Application amqp_client started on node nonode@nohost
2019-04-04 16:04:48.534 [info] <0.43.0> Application amqp started on node nonode@nohost
2019-04-04 16:04:48.534 [info] <0.43.0> Application rabbitmq started on node nonode@nohost
2019-04-04 16:05:15.020 [info] <0.43.0> Application lager started on node nonode@nohost
2019-04-04 16:05:15.025 [info] <0.43.0> Application xmerl started on node nonode@nohost
2019-04-04 16:05:15.026 [info] <0.43.0> Application jsx started on node nonode@nohost
2019-04-04 16:05:15.030 [info] <0.43.0> Application ranch started on node nonode@nohost
2019-04-04 16:05:15.031 [info] <0.43.0> Application ranch_proxy_protocol started on node nonode@nohost
2019-04-04 16:05:15.032 [info] <0.43.0> Application recon started on node nonode@nohost
2019-04-04 16:05:15.032 [info] <0.43.0> Application rabbit_common started on node nonode@nohost
2019-04-04 16:05:15.041 [info] <0.43.0> Application amqp_client started on node nonode@nohost
2019-04-04 16:05:15.041 [info] <0.43.0> Application amqp started on node nonode@nohost
2019-04-04 16:05:15.041 [info] <0.43.0> Application rabbitmq started on node nonode@nohost
2019-04-04 17:30:38.765 [info] <0.43.0> Application lager started on node nonode@nohost
2019-04-04 17:30:38.770 [info] <0.43.0> Application xmerl started on node nonode@nohost
2019-04-04 17:30:38.771 [info] <0.43.0> Application jsx started on node nonode@nohost
2019-04-04 17:30:38.775 [info] <0.43.0> Application ranch started on node nonode@nohost
2019-04-04 17:30:38.776 [info] <0.43.0> Application ranch_proxy_protocol started on node nonode@nohost
2019-04-04 17:30:38.776 [info] <0.43.0> Application recon started on node nonode@nohost
2019-04-04 17:30:38.776 [info] <0.43.0> Application rabbit_common started on node nonode@nohost
2019-04-04 17:30:38.784 [info] <0.43.0> Application amqp_client started on node nonode@nohost
2019-04-04 17:30:38.784 [info] <0.43.0> Application amqp started on node nonode@nohost
2019-04-04 17:30:38.784 [info] <0.43.0> Application rabbitmq started on node nonode@nohost
2019-04-04 17:30:38.925 [error] <0.240.0>@rabbit_framing_amqp_0_9_1:shortstr_size:185 CRASH REPORT Process <0.240.0> with 0 neighbours crashed with reason: bad argument in call to erlang:size(ok) in rabbit_framing_amqp_0_9_1:shortstr_size/1 line 185
2019-04-04 17:31:00.687 [info] <0.43.0> Application lager started on node nonode@nohost
2019-04-04 17:31:00.689 [info] <0.43.0> Application xmerl started on node nonode@nohost
2019-04-04 17:31:00.691 [info] <0.43.0> Application jsx started on node nonode@nohost
2019-04-04 17:31:00.694 [info] <0.43.0> Application ranch started on node nonode@nohost
2019-04-04 17:31:00.694 [info] <0.43.0> Application ranch_proxy_protocol started on node nonode@nohost
2019-04-04 17:31:00.695 [info] <0.43.0> Application recon started on node nonode@nohost
2019-04-04 17:31:00.695 [info] <0.43.0> Application rabbit_common started on node nonode@nohost
2019-04-04 17:31:00.700 [info] <0.43.0> Application amqp_client started on node nonode@nohost
2019-04-04 17:31:00.700 [info] <0.43.0> Application amqp started on node nonode@nohost
2019-04-04 17:31:00.700 [info] <0.43.0> Application rabbitmq started on node nonode@nohost
2019-04-04 17:31:30.844 [info] <0.43.0> Application lager started on node nonode@nohost
2019-04-04 17:31:30.847 [info] <0.43.0> Application xmerl started on node nonode@nohost
2019-04-04 17:31:30.849 [info] <0.43.0> Application jsx started on node nonode@nohost
2019-04-04 17:31:30.852 [info] <0.43.0> Application ranch started on node nonode@nohost
2019-04-04 17:31:30.853 [info] <0.43.0> Application ranch_proxy_protocol started on node nonode@nohost
2019-04-04 17:31:30.853 [info] <0.43.0> Application recon started on node nonode@nohost
2019-04-04 17:31:30.853 [info] <0.43.0> Application rabbit_common started on node nonode@nohost
2019-04-04 17:31:30.859 [info] <0.43.0> Application amqp_client started on node nonode@nohost
2019-04-04 17:31:30.859 [info] <0.43.0> Application amqp started on node nonode@nohost
2019-04-04 17:31:30.860 [info] <0.43.0> Application rabbitmq started on node nonode@nohost
2019-04-04 17:31:47.632 [error] <0.237.0>@rabbit_framing_amqp_0_9_1:encode_method_fields:1108 Supervisor {<0.237.0>,amqp_channel_sup} had child writer started with rabbit_writer:start_link(#Port<0.6>, 1, 131072, rabbit_framing_amqp_0_9_1, <0.239.0>, {<<"client 127.0.0.1:56645 -> 127.0.0.1:5672">>,1}) at <0.240.0> exit with reason bad argument in rabbit_framing_amqp_0_9_1:encode_method_fields/1 line 1108 in context child_terminated
2019-04-04 17:31:47.633 [error] emulator Error in process <0.240.0> with exit value:
{badarg,[{rabbit_framing_amqp_0_9_1,encode_method_fields,1,[{file,"/home/krzysztof/Studia/Rozprochy/rabbitmq/deps/rabbit_common/src/rabbit_framing_amqp_0_9_1.erl"},{line,1108}]},{rabbit_binary_generator,build_simple_method_frame,3,[{file,"/home/krzysztof/Studia/Rozprochy/rabbitmq/deps/rabbit_common/src/rabbit_binary_generator.erl"},{line,59}]},{rabbit_writer,assemble_frames,5,[{file,"/home/krzysztof/Studia/Rozprochy/rabbitmq/deps/rabbit_common/src/rabbit_writer.erl"},{line,309}]},{rabbit_writer,internal_send_command_async,3,[{file,"/home/krzysztof/Studia/Rozprochy/rabbitmq/deps/rabbit_common/src/rabbit_writer.erl"},{line,341}]},{rabbit_writer,handle_message,3,[{file,"/home/krzysztof/Studia/Rozprochy/rabbitmq/deps/rabbit_common/src/rabbit_writer.erl"},{line,209}]},{rabbit_writer,mainloop1,2,[{file,"/home/krzysztof/Studia/Rozprochy/rabbitmq/deps/rabbit_common/src/rabbit_writer.erl"},{line,193}]},{rabbit_writer,mainloop,2,[{file,"/home/krzysztof/Studia/Rozprochy/rabbitmq/deps/rabbit_common/src/rabbit_writer.erl"},{line,184}]}]}
2019-04-04 17:31:47.633 [error] <0.237.0> Supervisor {<0.237.0>,amqp_channel_sup} had child writer started with rabbit_writer:start_link(#Port<0.6>, 1, 131072, rabbit_framing_amqp_0_9_1, <0.239.0>, {<<"client 127.0.0.1:56645 -> 127.0.0.1:5672">>,1}) at <0.240.0> exit with reason reached_max_restart_intensity in context shutdown
2019-04-04 17:33:35.394 [info] <0.43.0> Application lager started on node nonode@nohost
2019-04-04 17:33:35.398 [info] <0.43.0> Application xmerl started on node nonode@nohost
2019-04-04 17:33:35.399 [info] <0.43.0> Application jsx started on node nonode@nohost
2019-04-04 17:33:35.402 [info] <0.43.0> Application ranch started on node nonode@nohost
2019-04-04 17:33:35.403 [info] <0.43.0> Application ranch_proxy_protocol started on node nonode@nohost
2019-04-04 17:33:35.403 [info] <0.43.0> Application recon started on node nonode@nohost
2019-04-04 17:33:35.403 [info] <0.43.0> Application rabbit_common started on node nonode@nohost
2019-04-04 17:33:35.409 [info] <0.43.0> Application amqp_client started on node nonode@nohost
2019-04-04 17:33:35.409 [info] <0.43.0> Application amqp started on node nonode@nohost
2019-04-04 17:33:35.409 [info] <0.43.0> Application rabbitmq started on node nonode@nohost
2019-04-04 17:39:58.449 [info] <0.43.0> Application lager started on node nonode@nohost
2019-04-04 17:39:58.452 [info] <0.43.0> Application xmerl started on node nonode@nohost
2019-04-04 17:39:58.453 [info] <0.43.0> Application jsx started on node nonode@nohost
2019-04-04 17:39:58.456 [info] <0.43.0> Application ranch started on node nonode@nohost
2019-04-04 17:39:58.456 [info] <0.43.0> Application ranch_proxy_protocol started on node nonode@nohost
2019-04-04 17:39:58.457 [info] <0.43.0> Application recon started on node nonode@nohost
2019-04-04 17:39:58.457 [info] <0.43.0> Application rabbit_common started on node nonode@nohost
2019-04-04 17:39:58.462 [info] <0.43.0> Application amqp_client started on node nonode@nohost
2019-04-04 17:39:58.462 [info] <0.43.0> Application amqp started on node nonode@nohost
2019-04-04 17:39:58.462 [info] <0.43.0> Application rabbitmq started on node nonode@nohost
2019-04-04 17:42:09.414 [info] <0.43.0> Application lager started on node nonode@nohost
2019-04-04 17:42:09.417 [info] <0.43.0> Application xmerl started on node nonode@nohost
2019-04-04 17:42:09.418 [info] <0.43.0> Application jsx started on node nonode@nohost
2019-04-04 17:42:09.421 [info] <0.43.0> Application ranch started on node nonode@nohost
2019-04-04 17:42:09.421 [info] <0.43.0> Application ranch_proxy_protocol started on node nonode@nohost
2019-04-04 17:42:09.422 [info] <0.43.0> Application recon started on node nonode@nohost
2019-04-04 17:42:09.422 [info] <0.43.0> Application rabbit_common started on node nonode@nohost
2019-04-04 17:42:09.427 [info] <0.43.0> Application amqp_client started on node nonode@nohost
2019-04-04 17:42:09.427 [info] <0.43.0> Application amqp started on node nonode@nohost
2019-04-04 17:42:09.427 [info] <0.43.0> Application rabbitmq started on node nonode@nohost
2019-04-04 17:45:08.654 [info] <0.43.0> Application lager started on node nonode@nohost
2019-04-04 17:45:08.657 [info] <0.43.0> Application xmerl started on node nonode@nohost
2019-04-04 17:45:08.658 [info] <0.43.0> Application jsx started on node nonode@nohost
2019-04-04 17:45:08.661 [info] <0.43.0> Application ranch started on node nonode@nohost
2019-04-04 17:45:08.662 [info] <0.43.0> Application ranch_proxy_protocol started on node nonode@nohost
2019-04-04 17:45:08.663 [info] <0.43.0> Application recon started on node nonode@nohost
2019-04-04 17:45:08.663 [info] <0.43.0> Application rabbit_common started on node nonode@nohost
2019-04-04 17:45:08.668 [info] <0.43.0> Application amqp_client started on node nonode@nohost
2019-04-04 17:45:08.668 [info] <0.43.0> Application amqp started on node nonode@nohost
2019-04-04 17:45:08.668 [info] <0.43.0> Application rabbitmq started on node nonode@nohost
2019-04-04 17:48:20.720 [info] <0.43.0> Application lager started on node nonode@nohost
2019-04-04 17:48:20.723 [info] <0.43.0> Application xmerl started on node nonode@nohost
2019-04-04 17:48:20.724 [info] <0.43.0> Application jsx started on node nonode@nohost
2019-04-04 17:48:20.727 [info] <0.43.0> Application ranch started on node nonode@nohost
2019-04-04 17:48:20.728 [info] <0.43.0> Application ranch_proxy_protocol started on node nonode@nohost
2019-04-04 17:48:20.728 [info] <0.43.0> Application recon started on node nonode@nohost
2019-04-04 17:48:20.728 [info] <0.43.0> Application rabbit_common started on node nonode@nohost
2019-04-04 17:48:20.734 [info] <0.43.0> Application amqp_client started on node nonode@nohost
2019-04-04 17:48:20.734 [info] <0.43.0> Application amqp started on node nonode@nohost
2019-04-04 17:48:20.734 [info] <0.43.0> Application rabbitmq started on node nonode@nohost
2019-04-04 17:48:37.133 [info] <0.43.0> Application lager started on node nonode@nohost
2019-04-04 17:48:37.136 [info] <0.43.0> Application xmerl started on node nonode@nohost
2019-04-04 17:48:37.137 [info] <0.43.0> Application jsx started on node nonode@nohost
2019-04-04 17:48:37.140 [info] <0.43.0> Application ranch started on node nonode@nohost
2019-04-04 17:48:37.140 [info] <0.43.0> Application ranch_proxy_protocol started on node nonode@nohost
2019-04-04 17:48:37.141 [info] <0.43.0> Application recon started on node nonode@nohost
2019-04-04 17:48:37.141 [info] <0.43.0> Application rabbit_common started on node nonode@nohost
2019-04-04 17:48:37.146 [info] <0.43.0> Application amqp_client started on node nonode@nohost
2019-04-04 17:48:37.146 [info] <0.43.0> Application amqp started on node nonode@nohost
2019-04-04 17:48:37.147 [info] <0.43.0> Application rabbitmq started on node nonode@nohost
2019-04-04 17:49:09.776 [info] <0.43.0> Application lager started on node nonode@nohost
2019-04-04 17:49:09.779 [info] <0.43.0> Application xmerl started on node nonode@nohost
2019-04-04 17:49:09.780 [info] <0.43.0> Application jsx started on node nonode@nohost
2019-04-04 17:49:09.784 [info] <0.43.0> Application ranch started on node nonode@nohost
2019-04-04 17:49:09.784 [info] <0.43.0> Application ranch_proxy_protocol started on node nonode@nohost
2019-04-04 17:49:09.785 [info] <0.43.0> Application recon started on node nonode@nohost
2019-04-04 17:49:09.785 [info] <0.43.0> Application rabbit_common started on node nonode@nohost
2019-04-04 17:49:09.791 [info] <0.43.0> Application amqp_client started on node nonode@nohost
2019-04-04 17:49:09.791 [info] <0.43.0> Application amqp started on node nonode@nohost
2019-04-04 17:49:09.791 [info] <0.43.0> Application rabbitmq started on node nonode@nohost
2019-04-04 17:52:57.222 [info] <0.43.0> Application lager started on node nonode@nohost
2019-04-04 17:52:57.225 [info] <0.43.0> Application xmerl started on node nonode@nohost
2019-04-04 17:52:57.226 [info] <0.43.0> Application jsx started on node nonode@nohost
2019-04-04 17:52:57.229 [info] <0.43.0> Application ranch started on node nonode@nohost
2019-04-04 17:52:57.230 [info] <0.43.0> Application ranch_proxy_protocol started on node nonode@nohost
2019-04-04 17:52:57.230 [info] <0.43.0> Application recon started on node nonode@nohost
2019-04-04 17:52:57.230 [info] <0.43.0> Application rabbit_common started on node nonode@nohost
2019-04-04 17:52:57.235 [info] <0.43.0> Application amqp_client started on node nonode@nohost
2019-04-04 17:52:57.235 [info] <0.43.0> Application amqp started on node nonode@nohost
2019-04-04 17:52:57.235 [info] <0.43.0> Application rabbitmq started on node nonode@nohost
2019-04-04 17:53:12.661 [info] <0.43.0> Application lager started on node nonode@nohost
2019-04-04 17:53:12.664 [info] <0.43.0> Application xmerl started on node nonode@nohost
2019-04-04 17:53:12.666 [info] <0.43.0> Application jsx started on node nonode@nohost
2019-04-04 17:53:12.668 [info] <0.43.0> Application ranch started on node nonode@nohost
2019-04-04 17:53:12.669 [info] <0.43.0> Application ranch_proxy_protocol started on node nonode@nohost
2019-04-04 17:53:12.669 [info] <0.43.0> Application recon started on node nonode@nohost
2019-04-04 17:53:12.670 [info] <0.43.0> Application rabbit_common started on node nonode@nohost
2019-04-04 17:53:12.675 [info] <0.43.0> Application amqp_client started on node nonode@nohost
2019-04-04 17:53:12.675 [info] <0.43.0> Application amqp started on node nonode@nohost
2019-04-04 17:53:12.675 [info] <0.43.0> Application rabbitmq started on node nonode@nohost
2019-04-04 17:57:04.788 [info] <0.43.0> Application lager started on node nonode@nohost
2019-04-04 17:57:04.791 [info] <0.43.0> Application xmerl started on node nonode@nohost
2019-04-04 17:57:04.793 [info] <0.43.0> Application jsx started on node nonode@nohost
2019-04-04 17:57:04.795 [info] <0.43.0> Application ranch started on node nonode@nohost
2019-04-04 17:57:04.796 [info] <0.43.0> Application ranch_proxy_protocol started on node nonode@nohost
2019-04-04 17:57:04.796 [info] <0.43.0> Application recon started on node nonode@nohost
2019-04-04 17:57:04.796 [info] <0.43.0> Application rabbit_common started on node nonode@nohost
2019-04-04 17:57:04.801 [info] <0.43.0> Application amqp_client started on node nonode@nohost
2019-04-04 17:57:04.802 [info] <0.43.0> Application amqp started on node nonode@nohost
2019-04-04 17:57:04.802 [info] <0.43.0> Application rabbitmq started on node nonode@nohost
2019-04-04 18:01:15.250 [info] <0.43.0> Application lager started on node nonode@nohost
2019-04-04 18:01:15.253 [info] <0.43.0> Application xmerl started on node nonode@nohost
2019-04-04 18:01:15.254 [info] <0.43.0> Application jsx started on node nonode@nohost
2019-04-04 18:01:15.257 [info] <0.43.0> Application ranch started on node nonode@nohost
2019-04-04 18:01:15.258 [info] <0.43.0> Application ranch_proxy_protocol started on node nonode@nohost
2019-04-04 18:01:15.258 [info] <0.43.0> Application recon started on node nonode@nohost
2019-04-04 18:01:15.259 [info] <0.43.0> Application rabbit_common started on node nonode@nohost
2019-04-04 18:01:15.264 [info] <0.43.0> Application amqp_client started on node nonode@nohost
2019-04-04 18:01:15.264 [info] <0.43.0> Application amqp started on node nonode@nohost
2019-04-04 18:01:15.264 [info] <0.43.0> Application rabbitmq started on node nonode@nohost
2019-04-04 18:01:39.374 [info] <0.43.0> Application lager started on node nonode@nohost
2019-04-04 18:01:39.377 [info] <0.43.0> Application xmerl started on node nonode@nohost
2019-04-04 18:01:39.379 [info] <0.43.0> Application jsx started on node nonode@nohost
2019-04-04 18:01:39.381 [info] <0.43.0> Application ranch started on node nonode@nohost
2019-04-04 18:01:39.382 [info] <0.43.0> Application ranch_proxy_protocol started on node nonode@nohost
2019-04-04 18:01:39.382 [info] <0.43.0> Application recon started on node nonode@nohost
2019-04-04 18:01:39.383 [info] <0.43.0> Application rabbit_common started on node nonode@nohost
2019-04-04 18:01:39.388 [info] <0.43.0> Application amqp_client started on node nonode@nohost
2019-04-04 18:01:39.388 [info] <0.43.0> Application amqp started on node nonode@nohost
2019-04-04 18:01:39.388 [info] <0.43.0> Application rabbitmq started on node nonode@nohost
2019-04-04 18:07:20.851 [info] <0.43.0> Application lager started on node nonode@nohost
2019-04-04 18:07:20.855 [info] <0.43.0> Application xmerl started on node nonode@nohost
2019-04-04 18:07:20.856 [info] <0.43.0> Application jsx started on node nonode@nohost
2019-04-04 18:07:20.858 [info] <0.43.0> Application ranch started on node nonode@nohost
2019-04-04 18:07:20.859 [info] <0.43.0> Application ranch_proxy_protocol started on node nonode@nohost
2019-04-04 18:07:20.860 [info] <0.43.0> Application recon started on node nonode@nohost
2019-04-04 18:07:20.860 [info] <0.43.0> Application rabbit_common started on node nonode@nohost
2019-04-04 18:07:20.865 [info] <0.43.0> Application amqp_client started on node nonode@nohost
2019-04-04 18:07:20.865 [info] <0.43.0> Application amqp started on node nonode@nohost
2019-04-04 18:07:20.865 [info] <0.43.0> Application rabbitmq started on node nonode@nohost
2019-04-04 18:07:37.449 [info] <0.43.0> Application lager started on node nonode@nohost
2019-04-04 18:07:37.453 [info] <0.43.0> Application xmerl started on node nonode@nohost
2019-04-04 18:07:37.454 [info] <0.43.0> Application jsx started on node nonode@nohost
2019-04-04 18:07:37.456 [info] <0.43.0> Application ranch started on node nonode@nohost
2019-04-04 18:07:37.457 [info] <0.43.0> Application ranch_proxy_protocol started on node nonode@nohost
2019-04-04 18:07:37.458 [info] <0.43.0> Application recon started on node nonode@nohost
2019-04-04 18:07:37.458 [info] <0.43.0> Application rabbit_common started on node nonode@nohost
2019-04-04 18:07:37.463 [info] <0.43.0> Application amqp_client started on node nonode@nohost
2019-04-04 18:07:37.464 [info] <0.43.0> Application amqp started on node nonode@nohost
2019-04-04 18:07:37.464 [info] <0.43.0> Application rabbitmq started on node nonode@nohost
2019-04-04 18:07:48.895 [info] <0.43.0> Application lager started on node nonode@nohost
2019-04-04 18:07:48.899 [info] <0.43.0> Application xmerl started on node nonode@nohost
2019-04-04 18:07:48.900 [info] <0.43.0> Application jsx started on node nonode@nohost
2019-04-04 18:07:48.902 [info] <0.43.0> Application ranch started on node nonode@nohost
2019-04-04 18:07:48.903 [info] <0.43.0> Application ranch_proxy_protocol started on node nonode@nohost
2019-04-04 18:07:48.904 [info] <0.43.0> Application recon started on node nonode@nohost
2019-04-04 18:07:48.904 [info] <0.43.0> Application rabbit_common started on node nonode@nohost
2019-04-04 18:07:48.909 [info] <0.43.0> Application amqp_client started on node nonode@nohost
2019-04-04 18:07:48.910 [info] <0.43.0> Application amqp started on node nonode@nohost
2019-04-04 18:07:48.910 [info] <0.43.0> Application rabbitmq started on node nonode@nohost
2019-04-04 18:08:08.585 [info] <0.43.0> Application lager started on node nonode@nohost
2019-04-04 18:08:08.588 [info] <0.43.0> Application xmerl started on node nonode@nohost
2019-04-04 18:08:08.589 [info] <0.43.0> Application jsx started on node nonode@nohost
2019-04-04 18:08:08.592 [info] <0.43.0> Application ranch started on node nonode@nohost
2019-04-04 18:08:08.593 [info] <0.43.0> Application ranch_proxy_protocol started on node nonode@nohost
2019-04-04 18:08:08.594 [info] <0.43.0> Application recon started on node nonode@nohost
2019-04-04 18:08:08.594 [info] <0.43.0> Application rabbit_common started on node nonode@nohost
2019-04-04 18:08:08.600 [info] <0.43.0> Application amqp_client started on node nonode@nohost
2019-04-04 18:08:08.600 [info] <0.43.0> Application amqp started on node nonode@nohost
2019-04-04 18:08:08.600 [info] <0.43.0> Application rabbitmq started on node nonode@nohost
2019-04-04 18:08:22.232 [info] <0.43.0> Application lager started on node nonode@nohost
2019-04-04 18:08:22.236 [info] <0.43.0> Application xmerl started on node nonode@nohost
2019-04-04 18:08:22.237 [info] <0.43.0> Application jsx started on node nonode@nohost
2019-04-04 18:08:22.240 [info] <0.43.0> Application ranch started on node nonode@nohost
2019-04-04 18:08:22.241 [info] <0.43.0> Application ranch_proxy_protocol started on node nonode@nohost
2019-04-04 18:08:22.241 [info] <0.43.0> Application recon started on node nonode@nohost
2019-04-04 18:08:22.241 [info] <0.43.0> Application rabbit_common started on node nonode@nohost
2019-04-04 18:08:22.247 [info] <0.43.0> Application amqp_client started on node nonode@nohost
2019-04-04 18:08:22.247 [info] <0.43.0> Application amqp started on node nonode@nohost
2019-04-04 18:08:22.247 [info] <0.43.0> Application rabbitmq started on node nonode@nohost
2019-04-04 18:10:37.245 [info] <0.43.0> Application lager started on node nonode@nohost
2019-04-04 18:10:37.249 [info] <0.43.0> Application xmerl started on node nonode@nohost
2019-04-04 18:10:37.250 [info] <0.43.0> Application jsx started on node nonode@nohost
2019-04-04 18:10:37.254 [info] <0.43.0> Application ranch started on node nonode@nohost
2019-04-04 18:10:37.254 [info] <0.43.0> Application ranch_proxy_protocol started on node nonode@nohost
2019-04-04 18:10:37.255 [info] <0.43.0> Application recon started on node nonode@nohost
2019-04-04 18:10:37.255 [info] <0.43.0> Application rabbit_common started on node nonode@nohost
2019-04-04 18:10:37.261 [info] <0.43.0> Application amqp_client started on node nonode@nohost
2019-04-04 18:10:37.261 [info] <0.43.0> Application amqp started on node nonode@nohost
2019-04-04 18:10:37.261 [info] <0.43.0> Application rabbitmq started on node nonode@nohost
2019-04-04 18:10:47.576 [info] <0.43.0> Application lager started on node nonode@nohost
2019-04-04 18:10:47.579 [info] <0.43.0> Application xmerl started on node nonode@nohost
2019-04-04 18:10:47.581 [info] <0.43.0> Application jsx started on node nonode@nohost
2019-04-04 18:10:47.583 [info] <0.43.0> Application ranch started on node nonode@nohost
2019-04-04 18:10:47.584 [info] <0.43.0> Application ranch_proxy_protocol started on node nonode@nohost
2019-04-04 18:10:47.585 [info] <0.43.0> Application recon started on node nonode@nohost
2019-04-04 18:10:47.585 [info] <0.43.0> Application rabbit_common started on node nonode@nohost
2019-04-04 18:10:47.590 [info] <0.43.0> Application amqp_client started on node nonode@nohost
2019-04-04 18:10:47.590 [info] <0.43.0> Application amqp started on node nonode@nohost
2019-04-04 18:10:47.590 [info] <0.43.0> Application rabbitmq started on node nonode@nohost
2019-04-04 18:13:34.307 [info] <0.43.0> Application lager started on node nonode@nohost
2019-04-04 18:13:34.310 [info] <0.43.0> Application xmerl started on node nonode@nohost
2019-04-04 18:13:34.311 [info] <0.43.0> Application jsx started on node nonode@nohost
2019-04-04 18:13:34.314 [info] <0.43.0> Application ranch started on node nonode@nohost
2019-04-04 18:13:34.315 [info] <0.43.0> Application ranch_proxy_protocol started on node nonode@nohost
2019-04-04 18:13:34.315 [info] <0.43.0> Application recon started on node nonode@nohost
2019-04-04 18:13:34.315 [info] <0.43.0> Application rabbit_common started on node nonode@nohost
2019-04-04 18:13:34.321 [info] <0.43.0> Application amqp_client started on node nonode@nohost
2019-04-04 18:13:34.321 [info] <0.43.0> Application amqp started on node nonode@nohost
2019-04-04 18:13:34.321 [info] <0.43.0> Application rabbitmq started on node nonode@nohost
2019-04-04 18:13:45.463 [info] <0.43.0> Application lager started on node nonode@nohost
2019-04-04 18:13:45.466 [info] <0.43.0> Application xmerl started on node nonode@nohost
2019-04-04 18:13:45.467 [info] <0.43.0> Application jsx started on node nonode@nohost
2019-04-04 18:13:45.470 [info] <0.43.0> Application ranch started on node nonode@nohost
2019-04-04 18:13:45.471 [info] <0.43.0> Application ranch_proxy_protocol started on node nonode@nohost
2019-04-04 18:13:45.471 [info] <0.43.0> Application recon started on node nonode@nohost
2019-04-04 18:13:45.471 [info] <0.43.0> Application rabbit_common started on node nonode@nohost
2019-04-04 18:13:45.477 [info] <0.43.0> Application amqp_client started on node nonode@nohost
2019-04-04 18:13:45.477 [info] <0.43.0> Application amqp started on node nonode@nohost
2019-04-04 18:13:45.477 [info] <0.43.0> Application rabbitmq started on node nonode@nohost
2019-04-04 18:13:54.769 [info] <0.43.0> Application lager started on node nonode@nohost
2019-04-04 18:13:54.773 [info] <0.43.0> Application xmerl started on node nonode@nohost
2019-04-04 18:13:54.774 [info] <0.43.0> Application jsx started on node nonode@nohost
2019-04-04 18:13:54.777 [info] <0.43.0> Application ranch started on node nonode@nohost
2019-04-04 18:13:54.778 [info] <0.43.0> Application ranch_proxy_protocol started on node nonode@nohost
2019-04-04 18:13:54.779 [info] <0.43.0> Application recon started on node nonode@nohost
2019-04-04 18:13:54.779 [info] <0.43.0> Application rabbit_common started on node nonode@nohost
2019-04-04 18:13:54.785 [info] <0.43.0> Application amqp_client started on node nonode@nohost
2019-04-04 18:13:54.785 [info] <0.43.0> Application amqp started on node nonode@nohost
2019-04-04 18:13:54.785 [info] <0.43.0> Application rabbitmq started on node nonode@nohost
2019-04-04 18:14:34.133 [info] <0.43.0> Application lager started on node nonode@nohost
2019-04-04 18:14:34.136 [info] <0.43.0> Application xmerl started on node nonode@nohost
2019-04-04 18:14:34.137 [info] <0.43.0> Application jsx started on node nonode@nohost
2019-04-04 18:14:34.140 [info] <0.43.0> Application ranch started on node nonode@nohost
2019-04-04 18:14:34.141 [info] <0.43.0> Application ranch_proxy_protocol started on node nonode@nohost
2019-04-04 18:14:34.141 [info] <0.43.0> Application recon started on node nonode@nohost
2019-04-04 18:14:34.141 [info] <0.43.0> Application rabbit_common started on node nonode@nohost
2019-04-04 18:14:34.147 [info] <0.43.0> Application amqp_client started on node nonode@nohost
2019-04-04 18:14:34.147 [info] <0.43.0> Application amqp started on node nonode@nohost
2019-04-04 18:14:34.147 [info] <0.43.0> Application rabbitmq started on node nonode@nohost
2019-04-04 18:24:30.210 [info] <0.43.0> Application lager started on node nonode@nohost
2019-04-04 18:24:30.214 [info] <0.43.0> Application xmerl started on node nonode@nohost
2019-04-04 18:24:30.215 [info] <0.43.0> Application jsx started on node nonode@nohost
2019-04-04 18:24:30.217 [info] <0.43.0> Application ranch started on node nonode@nohost
2019-04-04 18:24:30.218 [info] <0.43.0> Application ranch_proxy_protocol started on node nonode@nohost
2019-04-04 18:24:30.219 [info] <0.43.0> Application recon started on node nonode@nohost
2019-04-04 18:24:30.219 [info] <0.43.0> Application rabbit_common started on node nonode@nohost
2019-04-04 18:24:30.224 [info] <0.43.0> Application amqp_client started on node nonode@nohost
2019-04-04 18:24:30.224 [info] <0.43.0> Application amqp started on node nonode@nohost
2019-04-04 18:24:30.224 [info] <0.43.0> Application rabbitmq started on node nonode@nohost
2019-04-04 18:24:45.619 [info] <0.43.0> Application lager started on node nonode@nohost
2019-04-04 18:24:45.622 [info] <0.43.0> Application xmerl started on node nonode@nohost
2019-04-04 18:24:45.623 [info] <0.43.0> Application jsx started on node nonode@nohost
2019-04-04 18:24:45.626 [info] <0.43.0> Application ranch started on node nonode@nohost
2019-04-04 18:24:45.627 [info] <0.43.0> Application ranch_proxy_protocol started on node nonode@nohost
2019-04-04 18:24:45.628 [info] <0.43.0> Application recon started on node nonode@nohost
2019-04-04 18:24:45.628 [info] <0.43.0> Application rabbit_common started on node nonode@nohost
2019-04-04 18:24:45.633 [info] <0.43.0> Application amqp_client started on node nonode@nohost
2019-04-04 18:24:45.633 [info] <0.43.0> Application amqp started on node nonode@nohost
2019-04-04 18:24:45.633 [info] <0.43.0> Application rabbitmq started on node nonode@nohost
2019-04-04 18:24:51.876 [info] <0.43.0> Application lager started on node nonode@nohost
2019-04-04 18:24:51.880 [info] <0.43.0> Application xmerl started on node nonode@nohost
2019-04-04 18:24:51.881 [info] <0.43.0> Application jsx started on node nonode@nohost
2019-04-04 18:24:51.883 [info] <0.43.0> Application ranch started on node nonode@nohost
2019-04-04 18:24:51.884 [info] <0.43.0> Application ranch_proxy_protocol started on node nonode@nohost
2019-04-04 18:24:51.884 [info] <0.43.0> Application recon started on node nonode@nohost
2019-04-04 18:24:51.884 [info] <0.43.0> Application rabbit_common started on node nonode@nohost
2019-04-04 18:24:51.889 [info] <0.43.0> Application amqp_client started on node nonode@nohost
2019-04-04 18:24:51.889 [info] <0.43.0> Application amqp started on node nonode@nohost
2019-04-04 18:24:51.890 [info] <0.43.0> Application rabbitmq started on node nonode@nohost
2019-04-04 18:24:58.550 [info] <0.43.0> Application lager started on node nonode@nohost
2019-04-04 18:24:58.553 [info] <0.43.0> Application xmerl started on node nonode@nohost
2019-04-04 18:24:58.554 [info] <0.43.0> Application jsx started on node nonode@nohost
2019-04-04 18:24:58.557 [info] <0.43.0> Application ranch started on node nonode@nohost
2019-04-04 18:24:58.558 [info] <0.43.0> Application ranch_proxy_protocol started on node nonode@nohost
2019-04-04 18:24:58.558 [info] <0.43.0> Application recon started on node nonode@nohost
2019-04-04 18:24:58.558 [info] <0.43.0> Application rabbit_common started on node nonode@nohost
2019-04-04 18:24:58.564 [info] <0.43.0> Application amqp_client started on node nonode@nohost
2019-04-04 18:24:58.564 [info] <0.43.0> Application amqp started on node nonode@nohost
2019-04-04 18:24:58.564 [info] <0.43.0> Application rabbitmq started on node nonode@nohost
2019-04-04 18:25:05.654 [info] <0.43.0> Application lager started on node nonode@nohost
2019-04-04 18:25:05.658 [info] <0.43.0> Application xmerl started on node nonode@nohost
2019-04-04 18:25:05.659 [info] <0.43.0> Application jsx started on node nonode@nohost
2019-04-04 18:25:05.662 [info] <0.43.0> Application ranch started on node nonode@nohost
2019-04-04 18:25:05.663 [info] <0.43.0> Application ranch_proxy_protocol started on node nonode@nohost
2019-04-04 18:25:05.663 [info] <0.43.0> Application recon started on node nonode@nohost
2019-04-04 18:25:05.663 [info] <0.43.0> Application rabbit_common started on node nonode@nohost
2019-04-04 18:25:05.669 [info] <0.43.0> Application amqp_client started on node nonode@nohost
2019-04-04 18:25:05.669 [info] <0.43.0> Application amqp started on node nonode@nohost
2019-04-04 18:25:05.669 [info] <0.43.0> Application rabbitmq started on node nonode@nohost
2019-04-04 18:32:14.391 [info] <0.43.0> Application lager started on node nonode@nohost
2019-04-04 18:32:14.394 [info] <0.43.0> Application xmerl started on node nonode@nohost
2019-04-04 18:32:14.395 [info] <0.43.0> Application jsx started on node nonode@nohost
2019-04-04 18:32:14.398 [info] <0.43.0> Application ranch started on node nonode@nohost
2019-04-04 18:32:14.399 [info] <0.43.0> Application ranch_proxy_protocol started on node nonode@nohost
2019-04-04 18:32:14.399 [info] <0.43.0> Application recon started on node nonode@nohost
2019-04-04 18:32:14.399 [info] <0.43.0> Application rabbit_common started on node nonode@nohost
2019-04-04 18:32:14.405 [info] <0.43.0> Application amqp_client started on node nonode@nohost
2019-04-04 18:32:14.405 [info] <0.43.0> Application amqp started on node nonode@nohost
2019-04-04 18:32:14.405 [info] <0.43.0> Application rabbitmq started on node nonode@nohost
2019-04-04 18:33:11.968 [info] <0.43.0> Application lager started on node nonode@nohost
2019-04-04 18:33:11.972 [info] <0.43.0> Application xmerl started on node nonode@nohost
2019-04-04 18:33:11.973 [info] <0.43.0> Application jsx started on node nonode@nohost
2019-04-04 18:33:11.975 [info] <0.43.0> Application ranch started on node nonode@nohost
2019-04-04 18:33:11.976 [info] <0.43.0> Application ranch_proxy_protocol started on node nonode@nohost
2019-04-04 18:33:11.977 [info] <0.43.0> Application recon started on node nonode@nohost
2019-04-04 18:33:11.977 [info] <0.43.0> Application rabbit_common started on node nonode@nohost
2019-04-04 18:33:11.981 [info] <0.43.0> Application amqp_client started on node nonode@nohost
2019-04-04 18:33:11.982 [info] <0.43.0> Application amqp started on node nonode@nohost
2019-04-04 18:33:11.982 [info] <0.43.0> Application rabbitmq started on node nonode@nohost
2019-04-04 18:33:28.326 [info] <0.43.0> Application lager started on node nonode@nohost
2019-04-04 18:33:28.331 [info] <0.43.0> Application xmerl started on node nonode@nohost
2019-04-04 18:33:28.333 [info] <0.43.0> Application jsx started on node nonode@nohost
2019-04-04 18:33:28.336 [info] <0.43.0> Application ranch started on node nonode@nohost
2019-04-04 18:33:28.336 [info] <0.43.0> Application ranch_proxy_protocol started on node nonode@nohost
2019-04-04 18:33:28.337 [info] <0.43.0> Application recon started on node nonode@nohost
2019-04-04 18:33:28.337 [info] <0.43.0> Application rabbit_common started on node nonode@nohost
2019-04-04 18:33:28.345 [info] <0.43.0> Application amqp_client started on node nonode@nohost
2019-04-04 18:33:28.345 [info] <0.43.0> Application amqp started on node nonode@nohost
2019-04-04 18:33:28.345 [info] <0.43.0> Application rabbitmq started on node nonode@nohost
2019-04-04 18:33:58.236 [info] <0.43.0> Application lager started on node nonode@nohost
2019-04-04 18:33:58.240 [info] <0.43.0> Application xmerl started on node nonode@nohost
2019-04-04 18:33:58.241 [info] <0.43.0> Application jsx started on node nonode@nohost
2019-04-04 18:33:58.244 [info] <0.43.0> Application ranch started on node nonode@nohost
2019-04-04 18:33:58.245 [info] <0.43.0> Application ranch_proxy_protocol started on node nonode@nohost
2019-04-04 18:33:58.246 [info] <0.43.0> Application recon started on node nonode@nohost
2019-04-04 18:33:58.246 [info] <0.43.0> Application rabbit_common started on node nonode@nohost
2019-04-04 18:33:58.251 [info] <0.43.0> Application amqp_client started on node nonode@nohost
2019-04-04 18:33:58.252 [info] <0.43.0> Application amqp started on node nonode@nohost
2019-04-04 18:33:58.252 [info] <0.43.0> Application rabbitmq started on node nonode@nohost
2019-04-04 18:42:11.889 [info] <0.43.0> Application lager started on node nonode@nohost
2019-04-04 18:42:11.893 [info] <0.43.0> Application xmerl started on node nonode@nohost
2019-04-04 18:42:11.894 [info] <0.43.0> Application jsx started on node nonode@nohost
2019-04-04 18:42:11.897 [info] <0.43.0> Application ranch started on node nonode@nohost
2019-04-04 18:42:11.898 [info] <0.43.0> Application ranch_proxy_protocol started on node nonode@nohost
2019-04-04 18:42:11.898 [info] <0.43.0> Application recon started on node nonode@nohost
2019-04-04 18:42:11.898 [info] <0.43.0> Application rabbit_common started on node nonode@nohost
2019-04-04 18:42:11.903 [info] <0.43.0> Application amqp_client started on node nonode@nohost
2019-04-04 18:42:11.903 [info] <0.43.0> Application amqp started on node nonode@nohost
2019-04-04 18:42:11.903 [info] <0.43.0> Application rabbitmq started on node nonode@nohost
2019-04-04 18:42:35.432 [info] <0.43.0> Application lager started on node nonode@nohost
2019-04-04 18:42:35.437 [info] <0.43.0> Application xmerl started on node nonode@nohost
2019-04-04 18:42:35.438 [info] <0.43.0> Application jsx started on node nonode@nohost
2019-04-04 18:42:35.442 [info] <0.43.0> Application ranch started on node nonode@nohost
2019-04-04 18:42:35.443 [info] <0.43.0> Application ranch_proxy_protocol started on node nonode@nohost
2019-04-04 18:42:35.443 [info] <0.43.0> Application recon started on node nonode@nohost
2019-04-04 18:42:35.443 [info] <0.43.0> Application rabbit_common started on node nonode@nohost
2019-04-04 18:42:35.455 [info] <0.43.0> Application amqp_client started on node nonode@nohost
2019-04-04 18:42:35.455 [info] <0.43.0> Application amqp started on node nonode@nohost
2019-04-04 18:42:35.455 [info] <0.43.0> Application rabbitmq started on node nonode@nohost
2019-04-04 18:44:46.157 [info] <0.43.0> Application lager started on node nonode@nohost
2019-04-04 18:44:46.160 [info] <0.43.0> Application xmerl started on node nonode@nohost
2019-04-04 18:44:46.161 [info] <0.43.0> Application jsx started on node nonode@nohost
2019-04-04 18:44:46.164 [info] <0.43.0> Application ranch started on node nonode@nohost
2019-04-04 18:44:46.165 [info] <0.43.0> Application ranch_proxy_protocol started on node nonode@nohost
2019-04-04 18:44:46.165 [info] <0.43.0> Application recon started on node nonode@nohost
2019-04-04 18:44:46.166 [info] <0.43.0> Application rabbit_common started on node nonode@nohost
2019-04-04 18:44:46.171 [info] <0.43.0> Application amqp_client started on node nonode@nohost
2019-04-04 18:44:46.171 [info] <0.43.0> Application amqp started on node nonode@nohost
2019-04-04 18:44:46.171 [info] <0.43.0> Application rabbitmq started on node nonode@nohost
2019-04-04 18:44:51.544 [info] <0.43.0> Application lager started on node nonode@nohost
2019-04-04 18:44:51.547 [info] <0.43.0> Application xmerl started on node nonode@nohost
2019-04-04 18:44:51.548 [info] <0.43.0> Application jsx started on node nonode@nohost
2019-04-04 18:44:51.551 [info] <0.43.0> Application ranch started on node nonode@nohost
2019-04-04 18:44:51.551 [info] <0.43.0> Application ranch_proxy_protocol started on node nonode@nohost
2019-04-04 18:44:51.552 [info] <0.43.0> Application recon started on node nonode@nohost
2019-04-04 18:44:51.552 [info] <0.43.0> Application rabbit_common started on node nonode@nohost
2019-04-04 18:44:51.557 [info] <0.43.0> Application amqp_client started on node nonode@nohost
2019-04-04 18:44:51.557 [info] <0.43.0> Application amqp started on node nonode@nohost
2019-04-04 18:44:51.557 [info] <0.43.0> Application rabbitmq started on node nonode@nohost
2019-04-04 18:49:25.883 [info] <0.43.0> Application lager started on node nonode@nohost
2019-04-04 18:49:25.886 [info] <0.43.0> Application xmerl started on node nonode@nohost
2019-04-04 18:49:25.887 [info] <0.43.0> Application jsx started on node nonode@nohost
2019-04-04 18:49:25.890 [info] <0.43.0> Application ranch started on node nonode@nohost
2019-04-04 18:49:25.890 [info] <0.43.0> Application ranch_proxy_protocol started on node nonode@nohost
2019-04-04 18:49:25.891 [info] <0.43.0> Application recon started on node nonode@nohost
2019-04-04 18:49:25.891 [info] <0.43.0> Application rabbit_common started on node nonode@nohost
2019-04-04 18:49:25.896 [info] <0.43.0> Application amqp_client started on node nonode@nohost
2019-04-04 18:49:25.897 [info] <0.43.0> Application amqp started on node nonode@nohost
2019-04-04 18:49:25.897 [info] <0.43.0> Application rabbitmq started on node nonode@nohost
2019-04-04 18:51:54.719 [info] <0.43.0> Application lager started on node nonode@nohost
2019-04-04 18:51:54.722 [info] <0.43.0> Application xmerl started on node nonode@nohost
2019-04-04 18:51:54.723 [info] <0.43.0> Application jsx started on node nonode@nohost
2019-04-04 18:51:54.726 [info] <0.43.0> Application ranch started on node nonode@nohost
2019-04-04 18:51:54.727 [info] <0.43.0> Application ranch_proxy_protocol started on node nonode@nohost
2019-04-04 18:51:54.728 [info] <0.43.0> Application recon started on node nonode@nohost
2019-04-04 18:51:54.728 [info] <0.43.0> Application rabbit_common started on node nonode@nohost
2019-04-04 18:51:54.734 [info] <0.43.0> Application amqp_client started on node nonode@nohost
2019-04-04 18:51:54.734 [info] <0.43.0> Application amqp started on node nonode@nohost
2019-04-04 18:51:54.735 [info] <0.43.0> Application rabbitmq started on node nonode@nohost
2019-04-04 18:54:04.577 [info] <0.43.0> Application lager started on node nonode@nohost
2019-04-04 18:54:04.581 [info] <0.43.0> Application xmerl started on node nonode@nohost
2019-04-04 18:54:04.582 [info] <0.43.0> Application jsx started on node nonode@nohost
2019-04-04 18:54:04.586 [info] <0.43.0> Application ranch started on node nonode@nohost
2019-04-04 18:54:04.587 [info] <0.43.0> Application ranch_proxy_protocol started on node nonode@nohost
2019-04-04 18:54:04.587 [info] <0.43.0> Application recon started on node nonode@nohost
2019-04-04 18:54:04.587 [info] <0.43.0> Application rabbit_common started on node nonode@nohost
2019-04-04 18:54:04.593 [info] <0.43.0> Application amqp_client started on node nonode@nohost
2019-04-04 18:54:04.593 [info] <0.43.0> Application amqp started on node nonode@nohost
2019-04-04 18:54:04.593 [info] <0.43.0> Application rabbitmq started on node nonode@nohost
2019-04-04 18:55:46.847 [info] <0.43.0> Application lager started on node nonode@nohost
2019-04-04 18:55:46.851 [info] <0.43.0> Application xmerl started on node nonode@nohost
2019-04-04 18:55:46.852 [info] <0.43.0> Application jsx started on node nonode@nohost
2019-04-04 18:55:46.857 [info] <0.43.0> Application ranch started on node nonode@nohost
2019-04-04 18:55:46.857 [info] <0.43.0> Application ranch_proxy_protocol started on node nonode@nohost
2019-04-04 18:55:46.858 [info] <0.43.0> Application recon started on node nonode@nohost
2019-04-04 18:55:46.858 [info] <0.43.0> Application rabbit_common started on node nonode@nohost
2019-04-04 18:55:46.875 [info] <0.43.0> Application amqp_client started on node nonode@nohost
2019-04-04 18:55:46.875 [info] <0.43.0> Application amqp started on node nonode@nohost
2019-04-04 18:55:46.875 [info] <0.43.0> Application rabbitmq started on node nonode@nohost
2019-04-04 18:57:22.411 [info] <0.43.0> Application lager started on node nonode@nohost
2019-04-04 18:57:22.415 [info] <0.43.0> Application xmerl started on node nonode@nohost
2019-04-04 18:57:22.416 [info] <0.43.0> Application jsx started on node nonode@nohost
2019-04-04 18:57:22.420 [info] <0.43.0> Application ranch started on node nonode@nohost
2019-04-04 18:57:22.420 [info] <0.43.0> Application ranch_proxy_protocol started on node nonode@nohost
2019-04-04 18:57:22.421 [info] <0.43.0> Application recon started on node nonode@nohost
2019-04-04 18:57:22.421 [info] <0.43.0> Application rabbit_common started on node nonode@nohost
2019-04-04 18:57:22.427 [info] <0.43.0> Application amqp_client started on node nonode@nohost
2019-04-04 18:57:22.427 [info] <0.43.0> Application amqp started on node nonode@nohost
2019-04-04 18:57:22.427 [info] <0.43.0> Application rabbitmq started on node nonode@nohost
