2019-04-04 14:53:51.198 [info] <0.43.0> Application lager started on node nonode@nohost
2019-04-04 14:53:51.203 [info] <0.43.0> Application xmerl started on node nonode@nohost
2019-04-04 14:53:51.204 [info] <0.43.0> Application jsx started on node nonode@nohost
2019-04-04 14:53:51.208 [info] <0.43.0> Application ranch started on node nonode@nohost
2019-04-04 14:53:51.209 [info] <0.43.0> Application ranch_proxy_protocol started on node nonode@nohost
2019-04-04 14:53:51.210 [info] <0.43.0> Application recon started on node nonode@nohost
2019-04-04 14:53:51.210 [info] <0.43.0> Application rabbit_common started on node nonode@nohost
2019-04-04 14:53:51.219 [info] <0.43.0> Application amqp_client started on node nonode@nohost
2019-04-04 14:53:51.219 [info] <0.43.0> Application amqp started on node nonode@nohost
2019-04-04 14:53:51.219 [info] <0.43.0> Application rabbitmq started on node nonode@nohost
2019-04-04 14:54:27.806 [info] <0.43.0> Application lager started on node nonode@nohost
2019-04-04 14:54:27.811 [info] <0.43.0> Application xmerl started on node nonode@nohost
2019-04-04 14:54:27.813 [info] <0.43.0> Application jsx started on node nonode@nohost
2019-04-04 14:54:27.817 [info] <0.43.0> Application ranch started on node nonode@nohost
2019-04-04 14:54:27.818 [info] <0.43.0> Application ranch_proxy_protocol started on node nonode@nohost
2019-04-04 14:54:27.819 [info] <0.43.0> Application recon started on node nonode@nohost
2019-04-04 14:54:27.819 [info] <0.43.0> Application rabbit_common started on node nonode@nohost
2019-04-04 14:54:27.832 [info] <0.43.0> Application amqp_client started on node nonode@nohost
2019-04-04 14:54:27.832 [info] <0.43.0> Application amqp started on node nonode@nohost
2019-04-04 14:54:27.833 [info] <0.43.0> Application rabbitmq started on node nonode@nohost
2019-04-04 14:56:22.169 [info] <0.43.0> Application lager started on node nonode@nohost
2019-04-04 14:56:22.175 [info] <0.43.0> Application xmerl started on node nonode@nohost
2019-04-04 14:56:22.177 [info] <0.43.0> Application jsx started on node nonode@nohost
2019-04-04 14:56:22.182 [info] <0.43.0> Application ranch started on node nonode@nohost
2019-04-04 14:56:22.183 [info] <0.43.0> Application ranch_proxy_protocol started on node nonode@nohost
2019-04-04 14:56:22.184 [info] <0.43.0> Application recon started on node nonode@nohost
2019-04-04 14:56:22.184 [info] <0.43.0> Application rabbit_common started on node nonode@nohost
2019-04-04 14:56:22.194 [info] <0.43.0> Application amqp_client started on node nonode@nohost
2019-04-04 14:56:22.194 [info] <0.43.0> Application amqp started on node nonode@nohost
2019-04-04 14:56:22.194 [info] <0.43.0> Application rabbitmq started on node nonode@nohost
2019-04-04 14:56:51.520 [info] <0.43.0> Application lager started on node nonode@nohost
2019-04-04 14:56:51.525 [info] <0.43.0> Application xmerl started on node nonode@nohost
2019-04-04 14:56:51.527 [info] <0.43.0> Application jsx started on node nonode@nohost
2019-04-04 14:56:51.530 [info] <0.43.0> Application ranch started on node nonode@nohost
2019-04-04 14:56:51.531 [info] <0.43.0> Application ranch_proxy_protocol started on node nonode@nohost
2019-04-04 14:56:51.532 [info] <0.43.0> Application recon started on node nonode@nohost
2019-04-04 14:56:51.532 [info] <0.43.0> Application rabbit_common started on node nonode@nohost
2019-04-04 14:56:51.540 [info] <0.43.0> Application amqp_client started on node nonode@nohost
2019-04-04 14:56:51.541 [info] <0.43.0> Application amqp started on node nonode@nohost
2019-04-04 14:56:51.541 [info] <0.43.0> Application rabbitmq started on node nonode@nohost
2019-04-04 14:57:10.416 [info] <0.43.0> Application lager started on node nonode@nohost
2019-04-04 14:57:10.422 [info] <0.43.0> Application xmerl started on node nonode@nohost
2019-04-04 14:57:10.424 [info] <0.43.0> Application jsx started on node nonode@nohost
2019-04-04 14:57:10.429 [info] <0.43.0> Application ranch started on node nonode@nohost
2019-04-04 14:57:10.430 [info] <0.43.0> Application ranch_proxy_protocol started on node nonode@nohost
2019-04-04 14:57:10.433 [info] <0.43.0> Application recon started on node nonode@nohost
2019-04-04 14:57:10.433 [info] <0.43.0> Application rabbit_common started on node nonode@nohost
2019-04-04 14:57:10.444 [info] <0.43.0> Application amqp_client started on node nonode@nohost
2019-04-04 14:57:10.445 [info] <0.43.0> Application amqp started on node nonode@nohost
2019-04-04 14:57:10.445 [info] <0.43.0> Application rabbitmq started on node nonode@nohost
2019-04-04 14:57:40.632 [info] <0.43.0> Application lager started on node nonode@nohost
2019-04-04 14:57:40.637 [info] <0.43.0> Application xmerl started on node nonode@nohost
2019-04-04 14:57:40.638 [info] <0.43.0> Application jsx started on node nonode@nohost
2019-04-04 14:57:40.642 [info] <0.43.0> Application ranch started on node nonode@nohost
2019-04-04 14:57:40.643 [info] <0.43.0> Application ranch_proxy_protocol started on node nonode@nohost
2019-04-04 14:57:40.644 [info] <0.43.0> Application recon started on node nonode@nohost
2019-04-04 14:57:40.645 [info] <0.43.0> Application rabbit_common started on node nonode@nohost
2019-04-04 14:57:40.651 [info] <0.43.0> Application amqp_client started on node nonode@nohost
2019-04-04 14:57:40.651 [info] <0.43.0> Application amqp started on node nonode@nohost
2019-04-04 14:57:40.651 [info] <0.43.0> Application rabbitmq started on node nonode@nohost
2019-04-04 15:10:37.378 [info] <0.43.0> Application lager started on node nonode@nohost
2019-04-04 15:10:37.383 [info] <0.43.0> Application xmerl started on node nonode@nohost
2019-04-04 15:10:37.384 [info] <0.43.0> Application jsx started on node nonode@nohost
2019-04-04 15:10:37.388 [info] <0.43.0> Application ranch started on node nonode@nohost
2019-04-04 15:10:37.389 [info] <0.43.0> Application ranch_proxy_protocol started on node nonode@nohost
2019-04-04 15:10:37.390 [info] <0.43.0> Application recon started on node nonode@nohost
2019-04-04 15:10:37.390 [info] <0.43.0> Application rabbit_common started on node nonode@nohost
2019-04-04 15:10:37.397 [info] <0.43.0> Application amqp_client started on node nonode@nohost
2019-04-04 15:10:37.397 [info] <0.43.0> Application amqp started on node nonode@nohost
2019-04-04 15:10:37.397 [info] <0.43.0> Application rabbitmq started on node nonode@nohost
2019-04-04 15:13:24.565 [info] <0.43.0> Application lager started on node nonode@nohost
2019-04-04 15:13:24.570 [info] <0.43.0> Application xmerl started on node nonode@nohost
2019-04-04 15:13:24.571 [info] <0.43.0> Application jsx started on node nonode@nohost
2019-04-04 15:13:24.575 [info] <0.43.0> Application ranch started on node nonode@nohost
2019-04-04 15:13:24.576 [info] <0.43.0> Application ranch_proxy_protocol started on node nonode@nohost
2019-04-04 15:13:24.576 [info] <0.43.0> Application recon started on node nonode@nohost
2019-04-04 15:13:24.577 [info] <0.43.0> Application rabbit_common started on node nonode@nohost
2019-04-04 15:13:24.585 [info] <0.43.0> Application amqp_client started on node nonode@nohost
2019-04-04 15:13:24.585 [info] <0.43.0> Application amqp started on node nonode@nohost
2019-04-04 15:13:24.585 [info] <0.43.0> Application rabbitmq started on node nonode@nohost
2019-04-04 15:18:50.531 [info] <0.43.0> Application lager started on node nonode@nohost
2019-04-04 15:18:50.535 [info] <0.43.0> Application xmerl started on node nonode@nohost
2019-04-04 15:18:50.537 [info] <0.43.0> Application jsx started on node nonode@nohost
2019-04-04 15:18:50.540 [info] <0.43.0> Application ranch started on node nonode@nohost
2019-04-04 15:18:50.541 [info] <0.43.0> Application ranch_proxy_protocol started on node nonode@nohost
2019-04-04 15:18:50.542 [info] <0.43.0> Application recon started on node nonode@nohost
2019-04-04 15:18:50.542 [info] <0.43.0> Application rabbit_common started on node nonode@nohost
2019-04-04 15:18:50.551 [info] <0.43.0> Application amqp_client started on node nonode@nohost
2019-04-04 15:18:50.551 [info] <0.43.0> Application amqp started on node nonode@nohost
2019-04-04 15:18:50.551 [info] <0.43.0> Application rabbitmq started on node nonode@nohost
2019-04-04 15:22:26.848 [info] <0.43.0> Application lager started on node nonode@nohost
2019-04-04 15:22:26.852 [info] <0.43.0> Application xmerl started on node nonode@nohost
2019-04-04 15:22:26.854 [info] <0.43.0> Application jsx started on node nonode@nohost
2019-04-04 15:22:26.857 [info] <0.43.0> Application ranch started on node nonode@nohost
2019-04-04 15:22:26.858 [info] <0.43.0> Application ranch_proxy_protocol started on node nonode@nohost
2019-04-04 15:22:26.859 [info] <0.43.0> Application recon started on node nonode@nohost
2019-04-04 15:22:26.859 [info] <0.43.0> Application rabbit_common started on node nonode@nohost
2019-04-04 15:22:26.867 [info] <0.43.0> Application amqp_client started on node nonode@nohost
2019-04-04 15:22:26.867 [info] <0.43.0> Application amqp started on node nonode@nohost
2019-04-04 15:22:26.867 [info] <0.43.0> Application rabbitmq started on node nonode@nohost
2019-04-04 15:31:54.624 [info] <0.43.0> Application lager started on node nonode@nohost
2019-04-04 15:31:54.628 [info] <0.43.0> Application xmerl started on node nonode@nohost
2019-04-04 15:31:54.630 [info] <0.43.0> Application jsx started on node nonode@nohost
2019-04-04 15:31:54.633 [info] <0.43.0> Application ranch started on node nonode@nohost
2019-04-04 15:31:54.634 [info] <0.43.0> Application ranch_proxy_protocol started on node nonode@nohost
2019-04-04 15:31:54.635 [info] <0.43.0> Application recon started on node nonode@nohost
2019-04-04 15:31:54.635 [info] <0.43.0> Application rabbit_common started on node nonode@nohost
2019-04-04 15:31:54.643 [info] <0.43.0> Application amqp_client started on node nonode@nohost
2019-04-04 15:31:54.643 [info] <0.43.0> Application amqp started on node nonode@nohost
2019-04-04 15:31:54.643 [info] <0.43.0> Application rabbitmq started on node nonode@nohost
2019-04-04 15:38:36.369 [info] <0.43.0> Application lager started on node nonode@nohost
2019-04-04 15:38:36.373 [info] <0.43.0> Application xmerl started on node nonode@nohost
2019-04-04 15:38:36.374 [info] <0.43.0> Application jsx started on node nonode@nohost
2019-04-04 15:38:36.379 [info] <0.43.0> Application ranch started on node nonode@nohost
2019-04-04 15:38:36.380 [info] <0.43.0> Application ranch_proxy_protocol started on node nonode@nohost
2019-04-04 15:38:36.380 [info] <0.43.0> Application recon started on node nonode@nohost
2019-04-04 15:38:36.381 [info] <0.43.0> Application rabbit_common started on node nonode@nohost
2019-04-04 15:38:36.388 [info] <0.43.0> Application amqp_client started on node nonode@nohost
2019-04-04 15:38:36.389 [info] <0.43.0> Application amqp started on node nonode@nohost
2019-04-04 15:38:36.389 [info] <0.43.0> Application rabbitmq started on node nonode@nohost
2019-04-04 15:39:18.652 [info] <0.43.0> Application lager started on node nonode@nohost
2019-04-04 15:39:18.656 [info] <0.43.0> Application xmerl started on node nonode@nohost
2019-04-04 15:39:18.658 [info] <0.43.0> Application jsx started on node nonode@nohost
2019-04-04 15:39:18.663 [info] <0.43.0> Application ranch started on node nonode@nohost
2019-04-04 15:39:18.664 [info] <0.43.0> Application ranch_proxy_protocol started on node nonode@nohost
2019-04-04 15:39:18.665 [info] <0.43.0> Application recon started on node nonode@nohost
2019-04-04 15:39:18.665 [info] <0.43.0> Application rabbit_common started on node nonode@nohost
2019-04-04 15:39:18.674 [info] <0.43.0> Application amqp_client started on node nonode@nohost
2019-04-04 15:39:18.674 [info] <0.43.0> Application amqp started on node nonode@nohost
2019-04-04 15:39:18.674 [info] <0.43.0> Application rabbitmq started on node nonode@nohost
2019-04-04 15:40:43.831 [info] <0.43.0> Application lager started on node nonode@nohost
2019-04-04 15:40:43.836 [info] <0.43.0> Application xmerl started on node nonode@nohost
2019-04-04 15:40:43.837 [info] <0.43.0> Application jsx started on node nonode@nohost
2019-04-04 15:40:43.840 [info] <0.43.0> Application ranch started on node nonode@nohost
2019-04-04 15:40:43.841 [info] <0.43.0> Application ranch_proxy_protocol started on node nonode@nohost
2019-04-04 15:40:43.842 [info] <0.43.0> Application recon started on node nonode@nohost
2019-04-04 15:40:43.843 [info] <0.43.0> Application rabbit_common started on node nonode@nohost
2019-04-04 15:40:43.852 [info] <0.43.0> Application amqp_client started on node nonode@nohost
2019-04-04 15:40:43.852 [info] <0.43.0> Application amqp started on node nonode@nohost
2019-04-04 15:40:43.852 [info] <0.43.0> Application rabbitmq started on node nonode@nohost
2019-04-04 16:00:25.497 [info] <0.43.0> Application lager started on node nonode@nohost
2019-04-04 16:00:25.501 [info] <0.43.0> Application xmerl started on node nonode@nohost
2019-04-04 16:00:25.502 [info] <0.43.0> Application jsx started on node nonode@nohost
2019-04-04 16:00:25.505 [info] <0.43.0> Application ranch started on node nonode@nohost
2019-04-04 16:00:25.506 [info] <0.43.0> Application ranch_proxy_protocol started on node nonode@nohost
2019-04-04 16:00:25.507 [info] <0.43.0> Application recon started on node nonode@nohost
2019-04-04 16:00:25.507 [info] <0.43.0> Application rabbit_common started on node nonode@nohost
2019-04-04 16:00:25.514 [info] <0.43.0> Application amqp_client started on node nonode@nohost
2019-04-04 16:00:25.514 [info] <0.43.0> Application amqp started on node nonode@nohost
2019-04-04 16:00:25.515 [info] <0.43.0> Application rabbitmq started on node nonode@nohost
2019-04-04 16:00:54.598 [info] <0.43.0> Application lager started on node nonode@nohost
2019-04-04 16:00:54.601 [info] <0.43.0> Application xmerl started on node nonode@nohost
2019-04-04 16:00:54.603 [info] <0.43.0> Application jsx started on node nonode@nohost
2019-04-04 16:00:54.607 [info] <0.43.0> Application ranch started on node nonode@nohost
2019-04-04 16:00:54.607 [info] <0.43.0> Application ranch_proxy_protocol started on node nonode@nohost
2019-04-04 16:00:54.608 [info] <0.43.0> Application recon started on node nonode@nohost
2019-04-04 16:00:54.608 [info] <0.43.0> Application rabbit_common started on node nonode@nohost
2019-04-04 16:00:54.616 [info] <0.43.0> Application amqp_client started on node nonode@nohost
2019-04-04 16:00:54.616 [info] <0.43.0> Application amqp started on node nonode@nohost
2019-04-04 16:00:54.616 [info] <0.43.0> Application rabbitmq started on node nonode@nohost
2019-04-04 16:01:18.479 [info] <0.43.0> Application lager started on node nonode@nohost
2019-04-04 16:01:18.484 [info] <0.43.0> Application xmerl started on node nonode@nohost
2019-04-04 16:01:18.485 [info] <0.43.0> Application jsx started on node nonode@nohost
2019-04-04 16:01:18.489 [info] <0.43.0> Application ranch started on node nonode@nohost
2019-04-04 16:01:18.490 [info] <0.43.0> Application ranch_proxy_protocol started on node nonode@nohost
2019-04-04 16:01:18.491 [info] <0.43.0> Application recon started on node nonode@nohost
2019-04-04 16:01:18.491 [info] <0.43.0> Application rabbit_common started on node nonode@nohost
2019-04-04 16:01:18.501 [info] <0.43.0> Application amqp_client started on node nonode@nohost
2019-04-04 16:01:18.501 [info] <0.43.0> Application amqp started on node nonode@nohost
2019-04-04 16:01:18.501 [info] <0.43.0> Application rabbitmq started on node nonode@nohost
2019-04-04 16:02:36.134 [info] <0.43.0> Application lager started on node nonode@nohost
2019-04-04 16:02:36.138 [info] <0.43.0> Application xmerl started on node nonode@nohost
2019-04-04 16:02:36.140 [info] <0.43.0> Application jsx started on node nonode@nohost
2019-04-04 16:02:36.144 [info] <0.43.0> Application ranch started on node nonode@nohost
2019-04-04 16:02:36.145 [info] <0.43.0> Application ranch_proxy_protocol started on node nonode@nohost
2019-04-04 16:02:36.146 [info] <0.43.0> Application recon started on node nonode@nohost
2019-04-04 16:02:36.146 [info] <0.43.0> Application rabbit_common started on node nonode@nohost
2019-04-04 16:02:36.153 [info] <0.43.0> Application amqp_client started on node nonode@nohost
2019-04-04 16:02:36.154 [info] <0.43.0> Application amqp started on node nonode@nohost
2019-04-04 16:02:36.154 [info] <0.43.0> Application rabbitmq started on node nonode@nohost
2019-04-04 16:04:48.518 [info] <0.43.0> Application lager started on node nonode@nohost
2019-04-04 16:04:48.522 [info] <0.43.0> Application xmerl started on node nonode@nohost
2019-04-04 16:04:48.523 [info] <0.43.0> Application jsx started on node nonode@nohost
2019-04-04 16:04:48.526 [info] <0.43.0> Application ranch started on node nonode@nohost
2019-04-04 16:04:48.527 [info] <0.43.0> Application ranch_proxy_protocol started on node nonode@nohost
2019-04-04 16:04:48.528 [info] <0.43.0> Application recon started on node nonode@nohost
2019-04-04 16:04:48.528 [info] <0.43.0> Application rabbit_common started on node nonode@nohost
2019-04-04 16:04:48.534 [info] <0.43.0> Application amqp_client started on node nonode@nohost
2019-04-04 16:04:48.534 [info] <0.43.0> Application amqp started on node nonode@nohost
2019-04-04 16:04:48.534 [info] <0.43.0> Application rabbitmq started on node nonode@nohost
2019-04-04 16:05:15.020 [info] <0.43.0> Application lager started on node nonode@nohost
2019-04-04 16:05:15.025 [info] <0.43.0> Application xmerl started on node nonode@nohost
2019-04-04 16:05:15.026 [info] <0.43.0> Application jsx started on node nonode@nohost
2019-04-04 16:05:15.030 [info] <0.43.0> Application ranch started on node nonode@nohost
2019-04-04 16:05:15.031 [info] <0.43.0> Application ranch_proxy_protocol started on node nonode@nohost
2019-04-04 16:05:15.032 [info] <0.43.0> Application recon started on node nonode@nohost
2019-04-04 16:05:15.032 [info] <0.43.0> Application rabbit_common started on node nonode@nohost
2019-04-04 16:05:15.041 [info] <0.43.0> Application amqp_client started on node nonode@nohost
2019-04-04 16:05:15.041 [info] <0.43.0> Application amqp started on node nonode@nohost
2019-04-04 16:05:15.041 [info] <0.43.0> Application rabbitmq started on node nonode@nohost
